generating images from video ...
using ffmpeg.
generated 101 images.
selected 51 images.
generating gif...
generated gif.
Used:
Magnum PI: Season 1 Episode 1: "And since there was nothing I could do for
them, I decided to do the best thing for me..." (index 424, 00:36:15,386)
done.
Traceback (most recent call last):
  File "/home/erich/nfs/starwars-dot-gif/twitter_bot.py", line 53, in <module>
    'random_gif.gif'])
  File "/usr/lib/python3.7/subprocess.py", line 323, in call
    with Popen(*popenargs, **kwargs) as p:
  File "/usr/lib/python3.7/subprocess.py", line 775, in __init__
    restore_signals, start_new_session)
  File "/usr/lib/python3.7/subprocess.py", line 1522, in _execute_child
    raise child_exception_type(errno_num, err_msg, err_filename)
FileNotFoundError: [Errno 2] No such file or directory: 'convert': 'convert'
